TN:
SF:controllers\authController.js
FN:4,loginOrRegister
FNF:1
FNH:0
FNDA:0,loginOrRegister
DA:1,0
DA:2,0
DA:5,0
DA:6,0
DA:9,0
DA:13,0
DA:14,0
DA:22,0
DA:24,0
DA:25,0
DA:29,0
LF:11
LH:0
BRDA:13,0,0,0
BRDA:13,0,1,0
BRF:2
BRH:0
end_of_record
TN:
SF:controllers\contributionController.js
FN:4,getMemberContributions
FN:45,(anonymous_1)
FN:66,(anonymous_2)
FN:108,createContribution
FNF:4
FNH:3
FNDA:4,getMemberContributions
FNDA:1,(anonymous_1)
FNDA:0,(anonymous_2)
FNDA:3,createContribution
DA:1,1
DA:2,1
DA:5,4
DA:6,4
DA:7,1
DA:9,3
DA:10,3
DA:12,3
DA:15,3
DA:16,1
DA:19,2
DA:27,2
DA:28,1
DA:31,1
DA:35,1
DA:45,1
DA:54,1
DA:61,0
DA:62,0
DA:66,1
DA:67,0
DA:68,0
DA:70,0
DA:71,0
DA:72,0
DA:75,0
DA:76,0
DA:78,0
DA:85,0
DA:86,0
DA:89,0
DA:101,0
DA:103,0
DA:104,0
DA:109,3
DA:110,3
DA:111,1
DA:113,2
DA:114,2
DA:116,2
DA:119,2
DA:120,0
DA:123,2
DA:131,2
DA:132,0
DA:135,2
DA:137,2
DA:138,1
DA:141,1
DA:147,1
DA:150,0
DA:151,0
DA:155,1
LF:53
LH:33
BRDA:6,0,0,1
BRDA:6,0,1,3
BRDA:6,1,0,4
BRDA:6,1,1,3
BRDA:15,2,0,1
BRDA:15,2,1,2
BRDA:27,3,0,1
BRDA:27,3,1,1
BRDA:50,4,0,1
BRDA:50,4,1,0
BRDA:71,5,0,0
BRDA:71,5,1,0
BRDA:85,6,0,0
BRDA:85,6,1,0
BRDA:85,7,0,0
BRDA:85,7,1,0
BRDA:85,7,2,0
BRDA:110,8,0,1
BRDA:110,8,1,2
BRDA:110,9,0,3
BRDA:110,9,1,2
BRDA:119,10,0,0
BRDA:119,10,1,2
BRDA:131,11,0,0
BRDA:131,11,1,2
BRDA:137,12,0,1
BRDA:137,12,1,1
BRDA:137,13,0,2
BRDA:137,13,1,2
BRDA:137,13,2,2
BRF:30
BRH:20
end_of_record
TN:
SF:controllers\contributionService.js
FN:3,saveContribution
FNF:1
FNH:1
FNDA:1,saveContribution
DA:1,1
DA:4,1
DA:15,1
LF:3
LH:3
BRDA:3,0,0,1
BRF:1
BRH:1
end_of_record
TN:
SF:controllers\groupController.js
FN:5,joinGroup
FN:70,getUserGroups
FN:89,(anonymous_2)
FN:105,getGroupById
FNF:4
FNH:0
FNDA:0,joinGroup
FNDA:0,getUserGroups
FNDA:0,(anonymous_2)
FNDA:0,getGroupById
DA:1,0
DA:2,0
DA:6,0
DA:7,0
DA:9,0
DA:10,0
DA:13,0
DA:14,0
DA:18,0
DA:19,0
DA:22,0
DA:26,0
DA:27,0
DA:30,0
DA:31,0
DA:34,0
DA:43,0
DA:44,0
DA:47,0
DA:55,0
DA:64,0
DA:65,0
DA:71,0
DA:73,0
DA:74,0
DA:85,0
DA:86,0
DA:89,0
DA:96,0
DA:99,0
DA:100,0
DA:106,0
DA:107,0
DA:109,0
DA:110,0
DA:114,0
DA:115,0
DA:118,0
DA:130,0
DA:131,0
DA:134,0
DA:144,0
DA:145,0
DA:149,0
LF:44
LH:0
BRDA:9,0,0,0
BRDA:9,0,1,0
BRDA:18,1,0,0
BRDA:18,1,1,0
BRDA:26,2,0,0
BRDA:26,2,1,0
BRDA:30,3,0,0
BRDA:30,3,1,0
BRDA:30,4,0,0
BRDA:30,4,1,0
BRDA:43,5,0,0
BRDA:43,5,1,0
BRDA:85,6,0,0
BRDA:85,6,1,0
BRDA:114,7,0,0
BRDA:114,7,1,0
BRDA:130,8,0,0
BRDA:130,8,1,0
BRF:18
BRH:0
end_of_record
TN:
SF:controllers\payfastControllers.js
FN:14,(anonymous_0)
FN:66,(anonymous_1)
FNF:2
FNH:0
FNDA:0,(anonymous_0)
FNDA:0,(anonymous_1)
DA:1,0
DA:2,0
DA:9,0
DA:12,0
DA:14,0
DA:15,0
DA:16,0
DA:19,0
DA:37,0
DA:38,0
DA:39,0
DA:40,0
DA:45,0
DA:46,0
DA:47,0
DA:51,0
DA:55,0
DA:57,0
DA:58,0
DA:61,0
DA:62,0
DA:66,0
DA:68,0
DA:70,0
DA:72,0
DA:73,0
DA:74,0
DA:77,0
DA:79,0
DA:86,0
DA:88,0
DA:89,0
DA:93,0
LF:33
LH:0
BRDA:25,0,0,0
BRDA:25,0,1,0
BRDA:26,1,0,0
BRDA:26,1,1,0
BRDA:39,2,0,0
BRDA:39,2,1,0
BRDA:46,3,0,0
BRDA:46,3,1,0
BRDA:46,4,0,0
BRDA:46,4,1,0
BRDA:72,5,0,0
BRDA:72,5,1,0
BRF:12
BRH:0
end_of_record
TN:
SF:controllers\roleController.js
FN:4,(anonymous_0)
FNF:1
FNH:0
FNDA:0,(anonymous_0)
DA:1,0
DA:4,0
DA:6,0
DA:7,0
DA:9,0
DA:10,0
DA:12,0
DA:14,0
DA:21,0
DA:24,0
DA:25,0
DA:28,0
LF:12
LH:0
BRDA:10,0,0,0
BRDA:10,0,1,0
BRF:2
BRH:0
end_of_record
TN:
SF:src\controllers\groupController.js
FN:6,getGroupById
FN:32,joinGroup
FN:61,getGroups
FN:71,(anonymous_3)
FN:79,getGroupSettings
FN:90,updateGroupSettings
FN:102,(anonymous_6)
FN:114,createGroup
FN:135,(anonymous_8)
FN:150,refreshInviteCode
FN:155,(anonymous_10)
FN:166,createMeeting
FN:189,getMeetings
FN:206,addMinutes
FN:227,(anonymous_14)
FNF:15
FNH:6
FNDA:3,getGroupById
FNDA:0,joinGroup
FNDA:2,getGroups
FNDA:1,(anonymous_3)
FNDA:0,getGroupSettings
FNDA:0,updateGroupSettings
FNDA:0,(anonymous_6)
FNDA:2,createGroup
FNDA:0,(anonymous_8)
FNDA:0,refreshInviteCode
FNDA:0,(anonymous_10)
FNDA:0,createMeeting
FNDA:3,getMeetings
FNDA:4,addMinutes
FNDA:0,(anonymous_14)
DA:1,1
DA:2,1
DA:3,1
DA:4,1
DA:7,3
DA:8,1
DA:10,2
DA:11,2
DA:12,1
DA:14,1
DA:15,1
DA:16,1
DA:20,1
DA:21,1
DA:22,1
DA:25,1
DA:27,0
DA:28,0
DA:33,0
DA:34,0
DA:35,0
DA:36,0
DA:38,0
DA:39,0
DA:40,0
DA:41,0
DA:42,0
DA:43,0
DA:44,0
DA:45,0
DA:47,0
DA:50,0
DA:51,0
DA:54,0
DA:56,0
DA:57,0
DA:62,2
DA:63,1
DA:64,1
DA:65,1
DA:66,1
DA:67,1
DA:71,1
DA:72,1
DA:74,0
DA:75,0
DA:80,0
DA:81,0
DA:82,0
DA:83,0
DA:84,0
DA:86,0
DA:91,0
DA:92,0
DA:93,0
DA:94,0
DA:95,0
DA:96,0
DA:97,0
DA:98,0
DA:99,0
DA:100,0
DA:101,0
DA:102,0
DA:103,0
DA:105,0
DA:106,0
DA:107,0
DA:109,0
DA:110,0
DA:115,2
DA:116,1
DA:117,1
DA:118,1
DA:119,1
DA:120,1
DA:121,1
DA:122,1
DA:123,1
DA:124,1
DA:128,1
DA:130,0
DA:131,0
DA:135,1
DA:136,0
DA:137,0
DA:138,0
DA:143,0
DA:145,0
DA:146,0
DA:151,0
DA:152,0
DA:153,0
DA:154,0
DA:155,0
DA:156,0
DA:157,0
DA:158,0
DA:159,0
DA:160,0
DA:162,0
DA:167,0
DA:168,0
DA:169,0
DA:170,0
DA:171,0
DA:172,0
DA:173,0
DA:174,0
DA:175,0
DA:176,0
DA:178,0
DA:182,0
DA:184,0
DA:185,0
DA:190,3
DA:191,2
DA:192,2
DA:193,2
DA:194,2
DA:195,2
DA:196,2
DA:197,1
DA:198,1
DA:199,1
DA:201,0
DA:202,0
DA:207,4
DA:208,3
DA:209,3
DA:210,3
DA:211,2
DA:212,2
DA:213,2
DA:214,2
DA:215,2
DA:216,2
DA:217,1
DA:219,1
DA:220,1
DA:222,0
DA:223,0
DA:227,1
DA:228,0
DA:229,0
DA:230,0
DA:231,0
DA:232,0
DA:234,0
DA:235,0
DA:239,1
LF:151
LH:61
BRDA:7,0,0,1
BRDA:7,0,1,2
BRDA:7,1,0,3
BRDA:7,1,1,2
BRDA:11,2,0,1
BRDA:11,2,1,1
BRDA:35,3,0,0
BRDA:35,3,1,0
BRDA:40,4,0,0
BRDA:40,4,1,0
BRDA:43,5,0,0
BRDA:43,5,1,0
BRDA:44,6,0,0
BRDA:44,6,1,0
BRDA:44,7,0,0
BRDA:44,7,1,0
BRDA:50,8,0,0
BRDA:50,8,1,0
BRDA:62,9,0,1
BRDA:62,9,1,1
BRDA:62,10,0,2
BRDA:62,10,1,1
BRDA:66,11,0,0
BRDA:66,11,1,1
BRDA:83,12,0,0
BRDA:83,12,1,0
BRDA:96,13,0,0
BRDA:96,13,1,0
BRDA:100,14,0,0
BRDA:100,14,1,0
BRDA:101,15,0,0
BRDA:101,15,1,0
BRDA:101,16,0,0
BRDA:101,16,1,0
BRDA:103,17,0,0
BRDA:103,17,1,0
BRDA:106,18,0,0
BRDA:106,18,1,0
BRDA:115,19,0,1
BRDA:115,19,1,1
BRDA:115,20,0,2
BRDA:115,20,1,1
BRDA:118,21,0,0
BRDA:118,21,1,1
BRDA:118,22,0,1
BRDA:118,22,1,1
BRDA:121,23,0,0
BRDA:121,23,1,1
BRDA:155,24,0,0
BRDA:155,24,1,0
BRDA:156,25,0,0
BRDA:156,25,1,0
BRDA:169,26,0,0
BRDA:169,26,1,0
BRDA:173,27,0,0
BRDA:173,27,1,0
BRDA:175,28,0,0
BRDA:175,28,1,0
BRDA:175,29,0,0
BRDA:175,29,1,0
BRDA:175,29,2,0
BRDA:190,30,0,1
BRDA:190,30,1,2
BRDA:190,31,0,3
BRDA:190,31,1,2
BRDA:191,32,0,0
BRDA:191,32,1,2
BRDA:196,33,0,1
BRDA:196,33,1,1
BRDA:199,34,0,1
BRDA:199,34,1,0
BRDA:207,35,0,1
BRDA:207,35,1,3
BRDA:207,36,0,4
BRDA:207,36,1,3
BRDA:210,37,0,1
BRDA:210,37,1,2
BRDA:214,38,0,0
BRDA:214,38,1,2
BRDA:216,39,0,1
BRDA:216,39,1,1
BRDA:216,40,0,2
BRDA:216,40,1,2
BRDA:216,40,2,1
BRDA:230,41,0,0
BRDA:230,41,1,0
BRF:86
BRH:39
end_of_record
