TN:
SF:controllers/authController.js
FN:4,loginOrRegister
FNF:1
FNH:1
FNDA:3,loginOrRegister
DA:1,1
DA:2,1
DA:5,3
DA:6,3
DA:9,3
DA:13,2
DA:14,1
DA:22,2
DA:24,1
DA:25,1
DA:29,1
LF:11
LH:11
BRDA:13,0,0,1
BRDA:13,0,1,1
BRF:2
BRH:2
end_of_record
TN:
SF:controllers/contributionController.js
FN:4,getMemberContributions
FN:45,(anonymous_1)
FN:65,(anonymous_2)
FN:105,createContribution
FN:154,getSavingsProjection
FN:196,(anonymous_5)
FNF:6
FNH:6
FNDA:9,getMemberContributions
FNDA:3,(anonymous_1)
FNDA:5,(anonymous_2)
FNDA:11,createContribution
FNDA:8,getSavingsProjection
FNDA:2,(anonymous_5)
DA:1,2
DA:2,2
DA:3,2
DA:6,9
DA:7,9
DA:8,2
DA:10,7
DA:11,7
DA:13,7
DA:16,6
DA:17,2
DA:20,4
DA:28,4
DA:29,2
DA:31,2
DA:35,2
DA:45,3
DA:54,2
DA:61,1
DA:62,1
DA:65,2
DA:66,5
DA:67,5
DA:69,5
DA:70,5
DA:72,4
DA:73,4
DA:75,4
DA:82,4
DA:83,1
DA:86,3
DA:98,2
DA:100,1
DA:101,1
DA:108,11
DA:109,11
DA:110,2
DA:112,9
DA:113,9
DA:115,9
DA:118,9
DA:119,1
DA:122,8
DA:130,8
DA:131,1
DA:134,7
DA:136,7
DA:137,4
DA:140,3
DA:146,2
DA:149,1
DA:150,1
DA:156,8
DA:158,8
DA:159,1
DA:162,7
DA:163,7
DA:165,7
DA:169,6
DA:170,1
DA:172,5
DA:181,5
DA:182,1
DA:185,4
DA:188,4
DA:195,4
DA:196,2
DA:200,4
DA:202,3
DA:203,3
DA:204,3
DA:206,3
DA:209,3
DA:212,3
DA:216,3
DA:217,3
DA:227,2
DA:228,2
DA:234,2
LF:79
LH:79
BRDA:7,0,0,2
BRDA:7,0,1,7
BRDA:7,1,0,9
BRDA:7,1,1,7
BRDA:16,2,0,2
BRDA:16,2,1,4
BRDA:28,3,0,2
BRDA:28,3,1,2
BRDA:50,4,0,2
BRDA:50,4,1,1
BRDA:70,5,0,1
BRDA:70,5,1,4
BRDA:82,6,0,1
BRDA:82,6,1,3
BRDA:82,7,0,4
BRDA:82,7,1,4
BRDA:82,7,2,3
BRDA:109,8,0,2
BRDA:109,8,1,9
BRDA:109,9,0,11
BRDA:109,9,1,9
BRDA:118,10,0,1
BRDA:118,10,1,8
BRDA:130,11,0,1
BRDA:130,11,1,7
BRDA:136,12,0,4
BRDA:136,12,1,3
BRDA:136,13,0,7
BRDA:136,13,1,5
BRDA:136,13,2,5
BRDA:158,14,0,1
BRDA:158,14,1,7
BRDA:158,15,0,8
BRDA:158,15,1,7
BRDA:169,16,0,1
BRDA:169,16,1,5
BRDA:181,17,0,1
BRDA:181,17,1,4
BRDA:204,18,0,3
BRDA:204,18,1,1
BRF:40
BRH:40
end_of_record
TN:
SF:controllers/contributionService.js
FN:3,saveContribution
FNF:1
FNH:1
FNDA:1,saveContribution
DA:1,1
DA:4,1
DA:23,1
LF:3
LH:3
BRDA:3,0,0,1
BRF:1
BRH:1
end_of_record
TN:
SF:controllers/payfastControllers.js
FN:15,(anonymous_0)
FN:69,(anonymous_1)
FNF:2
FNH:2
FNDA:2,(anonymous_0)
FNDA:3,(anonymous_1)
DA:1,1
DA:2,1
DA:3,1
DA:10,1
DA:13,1
DA:15,1
DA:16,2
DA:17,2
DA:20,1
DA:40,1
DA:41,1
DA:42,13
DA:43,13
DA:48,1
DA:49,1
DA:50,1
DA:54,1
DA:58,1
DA:60,1
DA:61,1
DA:64,1
DA:65,1
DA:69,1
DA:70,3
DA:71,3
DA:73,3
DA:74,1
DA:77,2
DA:78,2
DA:84,1
DA:86,1
DA:93,1
DA:95,1
DA:96,1
DA:97,1
DA:101,1
LF:36
LH:36
BRDA:28,0,0,1
BRDA:28,0,1,0
BRDA:29,1,0,1
BRDA:29,1,1,0
BRDA:42,2,0,13
BRDA:42,2,1,0
BRDA:49,3,0,1
BRDA:49,3,1,0
BRDA:49,4,0,1
BRDA:49,4,1,1
BRDA:73,5,0,1
BRDA:73,5,1,2
BRDA:88,6,0,1
BRDA:88,6,1,0
BRF:14
BRH:9
end_of_record
TN:
SF:controllers/payoutController.js
FN:5,(anonymous_0)
FN:32,(anonymous_1)
FN:48,(anonymous_2)
FN:80,(anonymous_3)
FN:97,(anonymous_4)
FN:98,(anonymous_5)
FN:101,(anonymous_6)
FN:113,(anonymous_7)
FN:162,(anonymous_8)
FN:182,(anonymous_9)
FN:198,(anonymous_10)
FNF:11
FNH:10
FNDA:3,(anonymous_0)
FNDA:1,(anonymous_1)
FNDA:3,(anonymous_2)
FNDA:0,(anonymous_3)
FNDA:2,(anonymous_4)
FNDA:2,(anonymous_5)
FNDA:2,(anonymous_6)
FNDA:4,(anonymous_7)
FNDA:2,(anonymous_8)
FNDA:2,(anonymous_9)
FNDA:2,(anonymous_10)
DA:1,1
DA:2,1
DA:3,1
DA:5,1
DA:6,3
DA:7,3
DA:8,3
DA:11,3
DA:32,3
DA:34,3
DA:43,0
DA:44,0
DA:48,1
DA:49,3
DA:50,3
DA:53,3
DA:80,3
DA:82,3
DA:91,0
DA:92,0
DA:97,1
DA:98,2
DA:99,2
DA:101,2
DA:102,2
DA:103,2
DA:113,1
DA:114,4
DA:116,4
DA:118,4
DA:126,3
DA:127,1
DA:130,2
DA:139,2
DA:140,2
DA:141,1
DA:148,1
DA:150,1
DA:154,1
DA:157,1
DA:158,1
DA:162,1
DA:163,2
DA:164,2
DA:165,2
DA:175,1
DA:177,1
DA:178,1
DA:182,1
DA:183,2
DA:184,2
DA:185,2
DA:186,2
DA:195,1
DA:198,2
DA:199,1
DA:201,1
DA:206,1
LF:58
LH:54
BRDA:105,0,0,1
BRDA:105,0,1,1
BRDA:106,1,0,1
BRDA:106,1,1,1
BRDA:126,2,0,1
BRDA:126,2,1,2
BRDA:140,3,0,1
BRDA:140,3,1,1
BRF:8
BRH:8
end_of_record
TN:
SF:controllers/roleController.js
FN:4,(anonymous_0)
FNF:1
FNH:1
FNDA:3,(anonymous_0)
DA:1,1
DA:4,1
DA:6,3
DA:7,3
DA:9,3
DA:10,3
DA:12,2
DA:14,2
DA:21,1
DA:24,1
DA:25,1
DA:28,1
LF:12
LH:12
BRDA:10,0,0,1
BRDA:10,0,1,2
BRF:2
BRH:2
end_of_record
TN:
SF:src/controllers/analyticsController.js
FN:6,(anonymous_0)
FN:51,(anonymous_1)
FN:88,(anonymous_2)
FN:104,getContributionCompliance
FN:144,(anonymous_4)
FN:150,(anonymous_5)
FN:151,(anonymous_6)
FN:153,(anonymous_7)
FN:154,(anonymous_8)
FN:167,(anonymous_9)
FN:179,(anonymous_10)
FN:180,(anonymous_11)
FNF:12
FNH:12
FNDA:6,(anonymous_0)
FNDA:1,(anonymous_1)
FNDA:3,(anonymous_2)
FNDA:4,getContributionCompliance
FNDA:3,(anonymous_4)
FNDA:3,(anonymous_5)
FNDA:6,(anonymous_6)
FNDA:4,(anonymous_7)
FNDA:5,(anonymous_8)
FNDA:4,(anonymous_9)
FNDA:3,(anonymous_10)
FNDA:2,(anonymous_11)
DA:2,1
DA:3,1
DA:4,1
DA:6,1
DA:7,6
DA:14,6
DA:17,6
DA:18,1
DA:22,5
DA:23,5
DA:24,5
DA:26,5
DA:27,1
DA:30,4
DA:31,1
DA:34,3
DA:42,2
DA:43,2
DA:46,1
DA:47,1
DA:51,1
DA:52,1
DA:59,1
DA:62,1
DA:63,0
DA:67,1
DA:68,1
DA:69,1
DA:71,1
DA:72,0
DA:75,1
DA:76,0
DA:80,1
DA:89,3
DA:90,3
DA:95,1
DA:96,1
DA:99,0
DA:100,0
DA:105,4
DA:106,4
DA:108,4
DA:110,4
DA:114,4
DA:115,1
DA:118,3
DA:127,3
DA:128,1
DA:132,2
DA:138,2
DA:144,2
DA:145,3
DA:146,3
DA:150,2
DA:151,6
DA:153,3
DA:154,4
DA:155,5
DA:156,5
DA:157,5
DA:160,4
DA:167,4
DA:168,3
DA:172,3
DA:179,3
DA:180,2
DA:184,2
DA:191,0
DA:192,0
DA:196,1
LF:70
LH:63
BRDA:17,0,0,1
BRDA:17,0,1,5
BRDA:17,1,0,6
BRDA:17,1,1,6
BRDA:17,1,2,6
BRDA:26,2,0,1
BRDA:26,2,1,4
BRDA:30,3,0,1
BRDA:30,3,1,3
BRDA:37,4,0,1
BRDA:37,4,1,2
BRDA:38,5,0,1
BRDA:38,5,1,1
BRDA:62,6,0,0
BRDA:62,6,1,1
BRDA:62,7,0,1
BRDA:62,7,1,1
BRDA:62,7,2,1
BRDA:71,8,0,0
BRDA:71,8,1,1
BRDA:75,9,0,0
BRDA:75,9,1,1
BRDA:83,10,0,1
BRDA:83,10,1,0
BRDA:86,11,0,0
BRDA:86,11,1,1
BRDA:90,12,0,1
BRDA:90,12,1,2
BRDA:114,13,0,1
BRDA:114,13,1,3
BRDA:127,14,0,1
BRDA:127,14,1,2
BRDA:162,15,0,3
BRDA:162,15,1,1
BRDA:163,16,0,3
BRDA:163,16,1,1
BRDA:168,17,0,2
BRDA:168,17,1,1
BRF:38
BRH:33
end_of_record
TN:
SF:src/controllers/groupController.js
FN:10,joinGroup
FN:82,getGroups
FN:100,(anonymous_2)
FN:116,getGroupSettings
FN:174,updateGroupSettings
FN:216,(anonymous_5)
FN:256,createGroup
FN:316,getGroupById
FN:365,(anonymous_8)
FN:395,refreshInviteCode
FN:410,(anonymous_10)
FN:426,createMeeting
FN:471,(anonymous_12)
FN:508,getMeetings
FN:569,addMinutes
FN:610,(anonymous_15)
FN:646,(anonymous_16)
FNF:17
FNH:17
FNDA:4,joinGroup
FNDA:2,getGroups
FNDA:1,(anonymous_2)
FNDA:5,getGroupSettings
FNDA:7,updateGroupSettings
FNDA:3,(anonymous_5)
FNDA:2,createGroup
FNDA:3,getGroupById
FNDA:3,(anonymous_8)
FNDA:3,refreshInviteCode
FNDA:2,(anonymous_10)
FNDA:3,createMeeting
FNDA:1,(anonymous_12)
FNDA:3,getMeetings
FNDA:4,addMinutes
FNDA:1,(anonymous_15)
FNDA:3,(anonymous_16)
DA:1,1
DA:2,1
DA:5,1
DA:6,1
DA:7,1
DA:11,4
DA:12,4
DA:15,4
DA:16,1
DA:19,3
DA:21,3
DA:25,3
DA:26,0
DA:30,3
DA:31,3
DA:36,3
DA:37,1
DA:41,2
DA:42,0
DA:46,2
DA:55,2
DA:56,1
DA:60,1
DA:69,1
DA:78,0
DA:79,0
DA:83,2
DA:84,1
DA:86,1
DA:88,1
DA:89,1
DA:93,1
DA:94,0
DA:96,1
DA:100,1
DA:108,1
DA:112,0
DA:113,0
DA:117,5
DA:119,5
DA:120,5
DA:122,5
DA:126,4
DA:127,1
DA:130,3
DA:146,3
DA:147,1
DA:150,2
DA:157,2
DA:170,1
DA:171,1
DA:175,7
DA:176,7
DA:178,7
DA:179,7
DA:180,7
DA:181,6
DA:182,1
DA:185,5
DA:188,5
DA:189,1
DA:192,4
DA:197,4
DA:198,4
DA:200,4
DA:209,4
DA:210,3
DA:215,3
DA:217,3
DA:218,3
DA:220,3
DA:221,3
DA:228,0
DA:229,0
DA:232,3
DA:233,2
DA:247,4
DA:252,1
DA:253,1
DA:257,2
DA:258,1
DA:260,1
DA:261,1
DA:264,1
DA:265,0
DA:268,1
DA:270,1
DA:274,1
DA:275,0
DA:279,1
DA:280,1
DA:283,1
DA:300,1
DA:312,0
DA:313,0
DA:318,3
DA:319,1
DA:322,2
DA:324,2
DA:325,1
DA:328,1
DA:329,1
DA:332,1
DA:335,1
DA:346,1
DA:347,1
DA:352,1
DA:358,1
DA:361,0
DA:362,0
DA:365,1
DA:366,3
DA:368,3
DA:369,3
DA:388,2
DA:391,1
DA:392,1
DA:397,3
DA:398,3
DA:399,3
DA:401,3
DA:410,2
DA:411,2
DA:413,1
DA:414,1
DA:416,1
DA:421,1
DA:423,1
DA:427,3
DA:428,3
DA:430,3
DA:431,1
DA:434,2
DA:436,2
DA:437,2
DA:438,2
DA:439,0
DA:442,2
DA:447,2
DA:448,1
DA:451,1
DA:465,1
DA:470,1
DA:472,1
DA:473,1
DA:475,1
DA:476,1
DA:483,0
DA:484,0
DA:487,1
DA:499,1
DA:504,0
DA:505,0
DA:511,3
DA:512,1
DA:514,2
DA:515,0
DA:518,2
DA:520,2
DA:522,2
DA:524,2
DA:529,2
DA:530,1
DA:534,1
DA:547,1
DA:559,1
DA:565,0
DA:566,0
DA:570,4
DA:571,1
DA:574,3
DA:575,3
DA:577,3
DA:578,1
DA:581,2
DA:583,2
DA:584,2
DA:585,2
DA:586,0
DA:589,2
DA:594,2
DA:595,1
DA:598,1
DA:604,1
DA:609,1
DA:611,1
DA:612,1
DA:614,1
DA:615,1
DA:621,1
DA:622,1
DA:625,1
DA:637,1
DA:642,0
DA:643,0
DA:646,1
DA:647,3
DA:648,3
DA:652,3
DA:654,2
DA:666,1
DA:668,1
DA:669,1
DA:672,1
LF:204
LH:178
BRDA:15,0,0,1
BRDA:15,0,1,3
BRDA:25,1,0,0
BRDA:25,1,1,3
BRDA:36,2,0,1
BRDA:36,2,1,2
BRDA:41,3,0,0
BRDA:41,3,1,2
BRDA:41,4,0,2
BRDA:41,4,1,0
BRDA:55,5,0,1
BRDA:55,5,1,1
BRDA:83,6,0,1
BRDA:83,6,1,1
BRDA:83,7,0,2
BRDA:83,7,1,1
BRDA:93,8,0,0
BRDA:93,8,1,1
BRDA:126,9,0,1
BRDA:126,9,1,3
BRDA:146,10,0,1
BRDA:146,10,1,2
BRDA:166,11,0,2
BRDA:166,11,1,1
BRDA:181,12,0,1
BRDA:181,12,1,5
BRDA:188,13,0,1
BRDA:188,13,1,4
BRDA:203,14,0,4
BRDA:203,14,1,0
BRDA:209,15,0,3
BRDA:209,15,1,1
BRDA:209,16,0,4
BRDA:209,16,1,2
BRDA:225,17,0,2
BRDA:225,17,1,1
BRDA:232,18,0,2
BRDA:232,18,1,1
BRDA:257,19,0,1
BRDA:257,19,1,1
BRDA:257,20,0,2
BRDA:257,20,1,1
BRDA:264,21,0,0
BRDA:264,21,1,1
BRDA:264,22,0,1
BRDA:264,22,1,1
BRDA:274,23,0,0
BRDA:274,23,1,1
BRDA:318,24,0,1
BRDA:318,24,1,2
BRDA:318,25,0,3
BRDA:318,25,1,2
BRDA:324,26,0,1
BRDA:324,26,1,1
BRDA:410,27,0,2
BRDA:410,27,1,2
BRDA:411,28,0,1
BRDA:411,28,1,1
BRDA:430,29,0,1
BRDA:430,29,1,2
BRDA:438,30,0,0
BRDA:438,30,1,2
BRDA:447,31,0,1
BRDA:447,31,1,1
BRDA:447,32,0,2
BRDA:447,32,1,2
BRDA:447,32,2,1
BRDA:511,33,0,1
BRDA:511,33,1,2
BRDA:511,34,0,3
BRDA:511,34,1,2
BRDA:514,35,0,0
BRDA:514,35,1,2
BRDA:529,36,0,1
BRDA:529,36,1,1
BRDA:561,37,0,1
BRDA:561,37,1,0
BRDA:570,38,0,1
BRDA:570,38,1,3
BRDA:570,39,0,4
BRDA:570,39,1,3
BRDA:577,40,0,1
BRDA:577,40,1,2
BRDA:585,41,0,0
BRDA:585,41,1,2
BRDA:594,42,0,1
BRDA:594,42,1,1
BRDA:594,43,0,2
BRDA:594,43,1,2
BRDA:594,43,2,1
BRDA:652,44,0,1
BRDA:652,44,1,2
BRF:92
BRH:81
end_of_record
TN:
SF:src/controllers/sarbController.js
FN:96,getSarbRates
FNF:1
FNH:0
FNDA:0,getSarbRates
DA:1,0
DA:2,0
DA:3,0
DA:5,0
DA:8,0
DA:10,0
DA:13,0
DA:17,0
DA:97,0
DA:98,0
DA:99,0
DA:102,0
DA:103,0
DA:107,0
LF:14
LH:0
BRF:0
BRH:0
end_of_record
TN:
SF:src/utils/analyticsService.js
FN:4,(anonymous_0)
FN:43,(anonymous_1)
FN:54,(anonymous_2)
FN:59,(anonymous_3)
FN:68,(anonymous_4)
FN:90,(anonymous_5)
FN:122,(anonymous_6)
FN:132,(anonymous_7)
FN:137,(anonymous_8)
FN:145,(anonymous_9)
FNF:10
FNH:10
FNDA:6,(anonymous_0)
FNDA:6,(anonymous_1)
FNDA:6,(anonymous_2)
FNDA:6,(anonymous_3)
FNDA:6,(anonymous_4)
FNDA:6,(anonymous_5)
FNDA:7,(anonymous_6)
FNDA:7,(anonymous_7)
FNDA:7,(anonymous_8)
FNDA:7,(anonymous_9)
DA:2,1
DA:4,1
DA:5,6
DA:8,6
DA:21,6
DA:43,6
DA:54,6
DA:55,6
DA:56,6
DA:59,6
DA:66,6
DA:68,6
DA:69,6
DA:71,6
DA:73,6
DA:74,3
DA:78,6
DA:81,6
DA:83,6
DA:90,1
DA:91,6
DA:94,6
DA:107,6
DA:122,7
DA:132,6
DA:133,7
DA:134,7
DA:137,7
DA:143,6
DA:145,6
DA:146,7
DA:147,7
DA:149,7
DA:150,4
DA:153,7
DA:156,6
DA:158,6
DA:165,1
LF:38
LH:38
BRDA:15,0,0,6
BRDA:15,0,1,1
BRDA:15,1,0,0
BRDA:15,1,1,1
BRDA:17,2,0,6
BRDA:17,2,1,1
BRDA:48,3,0,6
BRDA:48,3,1,3
BRDA:55,4,0,6
BRDA:55,4,1,6
BRDA:73,5,0,3
BRDA:73,5,1,3
BRDA:78,6,0,6
BRDA:78,6,1,6
BRDA:101,7,0,6
BRDA:101,7,1,1
BRDA:101,8,0,0
BRDA:101,8,1,1
BRDA:103,9,0,6
BRDA:103,9,1,0
BRDA:124,10,0,7
BRDA:124,10,1,1
BRDA:133,11,0,7
BRDA:133,11,1,7
BRDA:149,12,0,4
BRDA:149,12,1,3
BRDA:153,13,0,7
BRDA:153,13,1,7
BRF:28
BRH:25
end_of_record
TN:
SF:src/utils/inviteCode.js
FN:9,generateUniqueInviteCode
FN:17,(anonymous_1)
FNF:2
FNH:2
FNDA:3,generateUniqueInviteCode
FNDA:42,(anonymous_1)
DA:1,1
DA:2,1
DA:3,1
DA:7,1
DA:8,1
DA:10,3
DA:11,3
DA:13,3
DA:14,3
DA:16,3
DA:17,42
DA:19,7
DA:24,7
DA:25,3
DA:29,3
DA:33,1
LF:16
LH:16
BRDA:24,0,0,3
BRDA:24,0,1,4
BRF:2
BRH:2
end_of_record
TN:
SF:src/utils/notificationService.js
FN:11,(anonymous_0)
FN:26,(anonymous_1)
FN:36,(anonymous_2)
FNF:3
FNH:3
FNDA:4,(anonymous_0)
FNDA:2,(anonymous_1)
FNDA:2,(anonymous_2)
DA:1,1
DA:3,1
DA:11,1
DA:12,4
DA:16,4
DA:23,4
DA:26,1
DA:27,2
DA:33,2
DA:36,1
DA:37,2
DA:62,1
LF:12
LH:12
BRDA:11,0,0,1
BRDA:12,1,0,3
BRDA:12,1,1,1
BRF:3
BRH:3
end_of_record
TN:
SF:src/utils/sarbService.js
FN:10,fetchLatestSarbRates
FNF:1
FNH:0
FNDA:0,fetchLatestSarbRates
DA:1,2
DA:2,2
DA:3,2
DA:4,2
DA:6,2
DA:7,2
DA:8,2
DA:11,0
DA:13,0
DA:14,0
DA:17,0
DA:18,0
DA:20,0
DA:21,0
DA:26,0
DA:27,0
DA:31,0
DA:34,0
DA:35,0
DA:39,0
DA:40,0
DA:48,0
DA:49,0
DA:52,0
DA:53,0
DA:56,0
DA:58,0
DA:66,0
DA:73,0
DA:74,0
DA:76,2
LF:31
LH:8
BRDA:13,0,0,0
BRDA:13,0,1,0
BRDA:26,1,0,0
BRDA:26,1,1,0
BRDA:26,2,0,0
BRDA:26,2,1,0
BRDA:34,3,0,0
BRDA:34,3,1,0
BRDA:39,4,0,0
BRDA:39,4,1,0
BRF:10
BRH:0
end_of_record
