<?xml version="1.0" encoding="UTF-8"?>
<coverage generated="1779300274696" clover="3.2.0">
  <project timestamp="1779300274697" name="All files">
    <metrics statements="32" coveredstatements="32" conditionals="22" coveredconditionals="18" methods="5" coveredmethods="5" elements="59" coveredelements="55" complexity="0" loc="32" ncloc="32" packages="1" files="1" classes="1"/>
    <file name="MyContributions.jsx" path="/home/vmuser/Stokvel-Management-Platform/client/src/pages/Contributions/MyContributions.jsx">
      <metrics statements="32" coveredstatements="32" conditionals="22" coveredconditionals="18" methods="5" coveredmethods="5"/>
      <line num="8" count="9" type="stmt"/>
      <line num="9" count="9" type="stmt"/>
      <line num="10" count="9" type="stmt"/>
      <line num="11" count="9" type="stmt"/>
      <line num="12" count="9" type="stmt"/>
      <line num="13" count="9" type="stmt"/>
      <line num="14" count="9" type="stmt"/>
      <line num="15" count="9" type="stmt"/>
      <line num="16" count="9" type="stmt"/>
      <line num="19" count="9" type="stmt"/>
      <line num="20" count="5" type="stmt"/>
      <line num="21" count="5" type="stmt"/>
      <line num="22" count="5" type="stmt"/>
      <line num="25" count="9" type="stmt"/>
      <line num="26" count="9" type="stmt"/>
      <line num="27" count="9" type="stmt"/>
      <line num="28" count="9" type="stmt"/>
      <line num="29" count="9" type="stmt"/>
      <line num="32" count="7" type="cond" truecount="2" falsecount="0"/>
      <line num="33" count="2" type="stmt"/>
      <line num="34" count="2" type="stmt"/>
      <line num="35" count="2" type="stmt"/>
      <line num="36" count="2" type="stmt"/>
      <line num="37" count="2" type="stmt"/>
      <line num="39" count="5" type="stmt"/>
      <line num="41" count="7" type="stmt"/>
      <line num="44" count="9" type="stmt"/>
      <line num="47" count="9" type="cond" truecount="2" falsecount="0"/>
      <line num="48" count="4" type="cond" truecount="2" falsecount="0"/>
      <line num="50" count="2" type="stmt"/>
      <line num="80" count="2" type="stmt"/>
      <line num="108" count="1" type="stmt"/>
    </file>
  </project>
</coverage>
