<?xml version="1.0" encoding="UTF-8"?>
<coverage generated="1776599347086" clover="3.2.0">
  <project timestamp="1776599347086" name="All files">
    <metrics statements="22" coveredstatements="22" conditionals="18" coveredconditionals="11" methods="4" coveredmethods="4" elements="44" coveredelements="37" complexity="0" loc="22" ncloc="22" packages="1" files="1" classes="1"/>
    <file name="Contributions.jsx" path="C:\Users\katle\OneDrive\Documents\Stokvel-Management-Platform\Stokvel-Management-Platform\client\src\pages\Contributions\Contributions.jsx">
      <metrics statements="22" coveredstatements="22" conditionals="18" coveredconditionals="11" methods="4" coveredmethods="4"/>
      <line num="6" count="8" type="stmt"/>
      <line num="7" count="8" type="stmt"/>
      <line num="8" count="8" type="stmt"/>
      <line num="9" count="8" type="stmt"/>
      <line num="10" count="8" type="stmt"/>
      <line num="12" count="8" type="stmt"/>
      <line num="13" count="8" type="stmt"/>
      <line num="14" count="8" type="stmt"/>
      <line num="15" count="8" type="stmt"/>
      <line num="16" count="8" type="stmt"/>
      <line num="22" count="7" type="cond" truecount="2" falsecount="0"/>
      <line num="23" count="2" type="stmt"/>
      <line num="26" count="5" type="stmt"/>
      <line num="27" count="5" type="stmt"/>
      <line num="29" count="2" type="stmt"/>
      <line num="31" count="7" type="stmt"/>
      <line num="35" count="8" type="stmt"/>
      <line num="38" count="8" type="cond" truecount="2" falsecount="0"/>
      <line num="39" count="4" type="cond" truecount="2" falsecount="0"/>
      <line num="41" count="3" type="stmt"/>
      <line num="58" count="1" type="stmt"/>
      <line num="86" count="1" type="stmt"/>
    </file>
  </project>
</coverage>
