{"/home/vmuser/Stokvel-Management-Platform/client/src/pages/Contributions/MyContributions.jsx": {"path":"/home/vmuser/Stokvel-Management-Platform/client/src/pages/Contributions/MyContributions.jsx","statementMap":{"0":{"start":{"line":8,"column":10},"end":{"line":8,"column":28}},"1":{"start":{"line":9,"column":9},"end":{"line":9,"column":42}},"2":{"start":{"line":10,"column":15},"end":{"line":10,"column":39}},"3":{"start":{"line":11,"column":10},"end":{"line":11,"column":35}},"4":{"start":{"line":12,"column":24},"end":{"line":12,"column":56}},"5":{"start":{"line":13,"column":18},"end":{"line":13,"column":46}},"6":{"start":{"line":14,"column":16},"end":{"line":14,"column":42}},"7":{"start":{"line":15,"column":24},"end":{"line":15,"column":58}},"8":{"start":{"line":16,"column":17},"end":{"line":16,"column":44}},"9":{"start":{"line":19,"column":2},"end":{"line":23,"column":null}},"10":{"start":{"line":20,"column":19},"end":{"line":20,"column":51}},"11":{"start":{"line":21,"column":4},"end":{"line":21,"column":null}},"12":{"start":{"line":22,"column":4},"end":{"line":22,"column":null}},"13":{"start":{"line":25,"column":2},"end":{"line":45,"column":null}},"14":{"start":{"line":26,"column":31},"end":{"line":41,"column":null}},"15":{"start":{"line":27,"column":6},"end":{"line":41,"column":null}},"16":{"start":{"line":28,"column":22},"end":{"line":28,"column":52}},"17":{"start":{"line":29,"column":25},"end":{"line":31,"column":10}},"18":{"start":{"line":32,"column":8},"end":{"line":32,"column":null}},"19":{"start":{"line":32,"column":26},"end":{"line":32,"column":null}},"20":{"start":{"line":33,"column":21},"end":{"line":33,"column":42}},"21":{"start":{"line":34,"column":8},"end":{"line":34,"column":null}},"22":{"start":{"line":35,"column":8},"end":{"line":35,"column":null}},"23":{"start":{"line":36,"column":8},"end":{"line":36,"column":null}},"24":{"start":{"line":37,"column":8},"end":{"line":37,"column":null}},"25":{"start":{"line":39,"column":8},"end":{"line":39,"column":null}},"26":{"start":{"line":41,"column":8},"end":{"line":41,"column":null}},"27":{"start":{"line":44,"column":4},"end":{"line":44,"column":null}},"28":{"start":{"line":47,"column":2},"end":{"line":47,"column":null}},"29":{"start":{"line":47,"column":15},"end":{"line":47,"column":null}},"30":{"start":{"line":48,"column":2},"end":{"line":48,"column":null}},"31":{"start":{"line":48,"column":13},"end":{"line":48,"column":null}},"32":{"start":{"line":50,"column":2},"end":{"line":99,"column":null}},"33":{"start":{"line":80,"column":14},"end":{"line":97,"column":null}},"34":{"start":{"line":108,"column":15},"end":{"line":118,"column":null}}},"fnMap":{"0":{"name":"MyContributions","decl":{"start":{"line":7,"column":24},"end":{"line":7,"column":42}},"loc":{"start":{"line":7,"column":42},"end":{"line":99,"column":null}},"line":7},"1":{"name":"(anonymous_1)","decl":{"start":{"line":19,"column":2},"end":{"line":19,"column":18}},"loc":{"start":{"line":19,"column":18},"end":{"line":23,"column":7}},"line":19},"2":{"name":"(anonymous_2)","decl":{"start":{"line":25,"column":2},"end":{"line":25,"column":18}},"loc":{"start":{"line":25,"column":18},"end":{"line":45,"column":6}},"line":25},"3":{"name":"(anonymous_3)","decl":{"start":{"line":26,"column":31},"end":{"line":26,"column":43}},"loc":{"start":{"line":26,"column":43},"end":{"line":41,"column":null}},"line":26},"4":{"name":"(anonymous_4)","decl":{"start":{"line":79,"column":27},"end":{"line":79,"column":32}},"loc":{"start":{"line":80,"column":14},"end":{"line":97,"column":null}},"line":80}},"branchMap":{"0":{"loc":{"start":{"line":32,"column":8},"end":{"line":32,"column":null}},"type":"if","locations":[{"start":{"line":32,"column":8},"end":{"line":32,"column":null}},{"start":{},"end":{}}],"line":32},"1":{"loc":{"start":{"line":47,"column":2},"end":{"line":47,"column":null}},"type":"if","locations":[{"start":{"line":47,"column":2},"end":{"line":47,"column":null}},{"start":{},"end":{}}],"line":47},"2":{"loc":{"start":{"line":48,"column":2},"end":{"line":48,"column":null}},"type":"if","locations":[{"start":{"line":48,"column":2},"end":{"line":48,"column":null}},{"start":{},"end":{}}],"line":48},"3":{"loc":{"start":{"line":59,"column":21},"end":{"line":59,"column":null}},"type":"binary-expr","locations":[{"start":{"line":59,"column":21},"end":{"line":59,"column":63}},{"start":{"line":59,"column":63},"end":{"line":59,"column":null}}],"line":59},"4":{"loc":{"start":{"line":60,"column":20},"end":{"line":60,"column":null}},"type":"binary-expr","locations":[{"start":{"line":60,"column":20},"end":{"line":60,"column":62}},{"start":{"line":60,"column":62},"end":{"line":60,"column":null}}],"line":60},"5":{"loc":{"start":{"line":66,"column":7},"end":{"line":99,"column":null}},"type":"cond-expr","locations":[{"start":{"line":67,"column":8},"end":{"line":69,"column":9}},{"start":{"line":69,"column":8},"end":{"line":99,"column":null}}],"line":66},"6":{"loc":{"start":{"line":87,"column":22},"end":{"line":88,"column":null}},"type":"cond-expr","locations":[{"start":{"line":87,"column":49},"end":{"line":87,"column":null}},{"start":{"line":88,"column":22},"end":{"line":88,"column":null}}],"line":87},"7":{"loc":{"start":{"line":88,"column":22},"end":{"line":88,"column":null}},"type":"cond-expr","locations":[{"start":{"line":88,"column":46},"end":{"line":88,"column":58}},{"start":{"line":88,"column":58},"end":{"line":88,"column":null}}],"line":88},"8":{"loc":{"start":{"line":90,"column":22},"end":{"line":91,"column":null}},"type":"cond-expr","locations":[{"start":{"line":90,"column":49},"end":{"line":90,"column":null}},{"start":{"line":91,"column":22},"end":{"line":91,"column":null}}],"line":90},"9":{"loc":{"start":{"line":91,"column":22},"end":{"line":91,"column":null}},"type":"cond-expr","locations":[{"start":{"line":91,"column":46},"end":{"line":91,"column":58}},{"start":{"line":91,"column":58},"end":{"line":91,"column":null}}],"line":91},"10":{"loc":{"start":{"line":96,"column":39},"end":{"line":96,"column":64}},"type":"binary-expr","locations":[{"start":{"line":96,"column":39},"end":{"line":96,"column":56}},{"start":{"line":96,"column":56},"end":{"line":96,"column":64}}],"line":96}},"s":{"0":9,"1":9,"2":9,"3":9,"4":9,"5":9,"6":9,"7":9,"8":9,"9":9,"10":5,"11":5,"12":5,"13":9,"14":9,"15":9,"16":9,"17":9,"18":7,"19":7,"20":2,"21":2,"22":2,"23":2,"24":2,"25":5,"26":7,"27":9,"28":9,"29":5,"30":4,"31":4,"32":2,"33":2,"34":1},"f":{"0":9,"1":5,"2":9,"3":9,"4":2},"b":{"0":[1,6],"1":[5,4],"2":[2,2],"3":[2,0],"4":[9,0],"5":[1,1],"6":[1,1],"7":[0,1],"8":[1,1],"9":[0,1],"10":[2,1]},"meta":{"lastBranch":11,"lastFunction":5,"lastStatement":35,"seen":{"f:7:24:7:42":0,"s:8:10:8:28":0,"s:9:9:9:42":1,"s:10:15:10:39":2,"s:11:10:11:35":3,"s:12:24:12:56":4,"s:13:18:13:46":5,"s:14:16:14:42":6,"s:15:24:15:58":7,"s:16:17:16:44":8,"s:19:2:23:Infinity":9,"f:19:2:19:18":1,"s:20:19:20:51":10,"s:21:4:21:Infinity":11,"s:22:4:22:Infinity":12,"s:25:2:45:Infinity":13,"f:25:2:25:18":2,"s:26:31:41:Infinity":14,"f:26:31:26:43":3,"s:27:6:41:Infinity":15,"s:28:22:28:52":16,"s:29:25:31:10":17,"b:32:8:32:Infinity:undefined:undefined:undefined:undefined":0,"s:32:8:32:Infinity":18,"s:32:26:32:Infinity":19,"s:33:21:33:42":20,"s:34:8:34:Infinity":21,"s:35:8:35:Infinity":22,"s:36:8:36:Infinity":23,"s:37:8:37:Infinity":24,"s:39:8:39:Infinity":25,"s:41:8:41:Infinity":26,"s:44:4:44:Infinity":27,"b:47:2:47:Infinity:undefined:undefined:undefined:undefined":1,"s:47:2:47:Infinity":28,"s:47:15:47:Infinity":29,"b:48:2:48:Infinity:undefined:undefined:undefined:undefined":2,"s:48:2:48:Infinity":30,"s:48:13:48:Infinity":31,"s:50:2:99:Infinity":32,"b:59:21:59:63:59:63:59:Infinity":3,"b:60:20:60:62:60:62:60:Infinity":4,"b:67:8:69:9:69:8:99:Infinity":5,"f:79:27:79:32":4,"s:80:14:97:Infinity":33,"b:87:49:87:Infinity:88:22:88:Infinity":6,"b:88:46:88:58:88:58:88:Infinity":7,"b:90:49:90:Infinity:91:22:91:Infinity":8,"b:91:46:91:58:91:58:91:Infinity":9,"b:96:39:96:56:96:56:96:64":10,"s:108:15:118:Infinity":34}}}
}
