{"C:\\Users\\katle\\OneDrive\\Documents\\Stokvel-Management-Platform\\Stokvel-Management-Platform\\client\\src\\pages\\Contributions\\Contributions.jsx": {"path":"C:\\Users\\katle\\OneDrive\\Documents\\Stokvel-Management-Platform\\Stokvel-Management-Platform\\client\\src\\pages\\Contributions\\Contributions.jsx","statementMap":{"0":{"start":{"line":6,"column":10},"end":{"line":6,"column":33}},"1":{"start":{"line":7,"column":10},"end":{"line":7,"column":35}},"2":{"start":{"line":8,"column":24},"end":{"line":8,"column":56}},"3":{"start":{"line":9,"column":18},"end":{"line":9,"column":46}},"4":{"start":{"line":10,"column":16},"end":{"line":10,"column":42}},"5":{"start":{"line":12,"column":2},"end":{"line":36,"column":null}},"6":{"start":{"line":13,"column":31},"end":{"line":31,"column":null}},"7":{"start":{"line":14,"column":6},"end":{"line":31,"column":null}},"8":{"start":{"line":15,"column":22},"end":{"line":15,"column":52}},"9":{"start":{"line":16,"column":25},"end":{"line":20,"column":10}},"10":{"start":{"line":22,"column":8},"end":{"line":23,"column":null}},"11":{"start":{"line":23,"column":10},"end":{"line":23,"column":null}},"12":{"start":{"line":26,"column":21},"end":{"line":26,"column":42}},"13":{"start":{"line":27,"column":8},"end":{"line":27,"column":null}},"14":{"start":{"line":29,"column":8},"end":{"line":29,"column":null}},"15":{"start":{"line":31,"column":8},"end":{"line":31,"column":null}},"16":{"start":{"line":35,"column":4},"end":{"line":35,"column":null}},"17":{"start":{"line":38,"column":2},"end":{"line":38,"column":null}},"18":{"start":{"line":38,"column":15},"end":{"line":38,"column":null}},"19":{"start":{"line":39,"column":2},"end":{"line":39,"column":null}},"20":{"start":{"line":39,"column":13},"end":{"line":39,"column":null}},"21":{"start":{"line":41,"column":2},"end":{"line":79,"column":null}},"22":{"start":{"line":58,"column":14},"end":{"line":77,"column":null}},"23":{"start":{"line":86,"column":15},"end":{"line":138,"column":null}}},"fnMap":{"0":{"name":"Contributions","decl":{"start":{"line":5,"column":9},"end":{"line":5,"column":25}},"loc":{"start":{"line":5,"column":25},"end":{"line":79,"column":null}},"line":5},"1":{"name":"(anonymous_1)","decl":{"start":{"line":12,"column":2},"end":{"line":12,"column":18}},"loc":{"start":{"line":12,"column":18},"end":{"line":36,"column":6}},"line":12},"2":{"name":"(anonymous_2)","decl":{"start":{"line":13,"column":31},"end":{"line":13,"column":43}},"loc":{"start":{"line":13,"column":43},"end":{"line":31,"column":null}},"line":13},"3":{"name":"(anonymous_3)","decl":{"start":{"line":57,"column":27},"end":{"line":57,"column":32}},"loc":{"start":{"line":58,"column":14},"end":{"line":77,"column":null}},"line":58}},"branchMap":{"0":{"loc":{"start":{"line":22,"column":8},"end":{"line":23,"column":null}},"type":"if","locations":[{"start":{"line":22,"column":8},"end":{"line":23,"column":null}},{"start":{},"end":{}}],"line":22},"1":{"loc":{"start":{"line":38,"column":2},"end":{"line":38,"column":null}},"type":"if","locations":[{"start":{"line":38,"column":2},"end":{"line":38,"column":null}},{"start":{},"end":{}}],"line":38},"2":{"loc":{"start":{"line":39,"column":2},"end":{"line":39,"column":null}},"type":"if","locations":[{"start":{"line":39,"column":2},"end":{"line":39,"column":null}},{"start":{},"end":{}}],"line":39},"3":{"loc":{"start":{"line":44,"column":7},"end":{"line":79,"column":null}},"type":"cond-expr","locations":[{"start":{"line":45,"column":8},"end":{"line":47,"column":9}},{"start":{"line":47,"column":8},"end":{"line":79,"column":null}}],"line":44},"4":{"loc":{"start":{"line":67,"column":22},"end":{"line":68,"column":null}},"type":"cond-expr","locations":[{"start":{"line":67,"column":49},"end":{"line":67,"column":null}},{"start":{"line":68,"column":22},"end":{"line":68,"column":null}}],"line":67},"5":{"loc":{"start":{"line":68,"column":22},"end":{"line":68,"column":null}},"type":"cond-expr","locations":[{"start":{"line":68,"column":46},"end":{"line":68,"column":58}},{"start":{"line":68,"column":58},"end":{"line":68,"column":null}}],"line":68},"6":{"loc":{"start":{"line":70,"column":22},"end":{"line":71,"column":null}},"type":"cond-expr","locations":[{"start":{"line":70,"column":49},"end":{"line":70,"column":null}},{"start":{"line":71,"column":22},"end":{"line":71,"column":null}}],"line":70},"7":{"loc":{"start":{"line":71,"column":22},"end":{"line":71,"column":null}},"type":"cond-expr","locations":[{"start":{"line":71,"column":46},"end":{"line":71,"column":58}},{"start":{"line":71,"column":58},"end":{"line":71,"column":null}}],"line":71},"8":{"loc":{"start":{"line":76,"column":39},"end":{"line":76,"column":65}},"type":"binary-expr","locations":[{"start":{"line":76,"column":39},"end":{"line":76,"column":56}},{"start":{"line":76,"column":56},"end":{"line":76,"column":65}}],"line":76}},"s":{"0":8,"1":8,"2":8,"3":8,"4":8,"5":8,"6":8,"7":8,"8":8,"9":8,"10":7,"11":2,"12":5,"13":5,"14":2,"15":7,"16":8,"17":8,"18":4,"19":4,"20":1,"21":3,"22":1,"23":1},"f":{"0":8,"1":8,"2":8,"3":1},"b":{"0":[2,5],"1":[4,4],"2":[1,3],"3":[2,1],"4":[1,0],"5":[0,0],"6":[1,0],"7":[0,0],"8":[1,0]},"meta":{"lastBranch":9,"lastFunction":4,"lastStatement":24,"seen":{"f:5:9:5:25":0,"s:6:10:6:33":0,"s:7:10:7:35":1,"s:8:24:8:56":2,"s:9:18:9:46":3,"s:10:16:10:42":4,"s:12:2:36:Infinity":5,"f:12:2:12:18":1,"s:13:31:31:Infinity":6,"f:13:31:13:43":2,"s:14:6:31:Infinity":7,"s:15:22:15:52":8,"s:16:25:20:10":9,"b:22:8:23:Infinity:undefined:undefined:undefined:undefined":0,"s:22:8:23:Infinity":10,"s:23:10:23:Infinity":11,"s:26:21:26:42":12,"s:27:8:27:Infinity":13,"s:29:8:29:Infinity":14,"s:31:8:31:Infinity":15,"s:35:4:35:Infinity":16,"b:38:2:38:Infinity:undefined:undefined:undefined:undefined":1,"s:38:2:38:Infinity":17,"s:38:15:38:Infinity":18,"b:39:2:39:Infinity:undefined:undefined:undefined:undefined":2,"s:39:2:39:Infinity":19,"s:39:13:39:Infinity":20,"s:41:2:79:Infinity":21,"b:45:8:47:9:47:8:79:Infinity":3,"f:57:27:57:32":3,"s:58:14:77:Infinity":22,"b:67:49:67:Infinity:68:22:68:Infinity":4,"b:68:46:68:58:68:58:68:Infinity":5,"b:70:49:70:Infinity:71:22:71:Infinity":6,"b:71:46:71:58:71:58:71:Infinity":7,"b:76:39:76:56:76:56:76:65":8,"s:86:15:138:Infinity":23}}}
}
